<?xml version="1.0" encoding="UTF-8"?>
<testsuite name="Navotar Reservation" tests="1" skipped="0" failures="0" errors="0" timestamp="2019-12-19T18:32:30" hostname="DESKTOP-GSVPJLO" time="75.242">
  <properties/>
  <testcase name="Valid Booking" classname="Navotar Reservation" time="75.242"/>
  <system-out><![CDATA[]]></system-out>
  <system-err><![CDATA[Starting ChromeDriver 79.0.3945.36 (3582db32b33893869b8c1339e8f4d9ed1816f143-refs/branch-heads/3945@{#614}) on port 24684
Only local connections are allowed.
Please protect ports used by ChromeDriver and related test frameworks to prevent access by malicious code.
[1576780358.110][WARNING]: Timed out connecting to Chrome, retrying...
Dec 20, 2019 12:02:40 AM org.openqa.selenium.remote.ProtocolHandshake createSession
INFO: Detected dialect: W3C
46475 [Test worker] INFO net.thucydides.core.steps.ConsoleLoggingListener - 
        __    _____ _____ ____ _____   ____   _    ____  ____  _____ ____  
  _     \ \  |_   _| ____/ ___|_   _| |  _ \ / \  / ___|/ ___|| ____|  _ \ 
 (_)_____| |   | | |  _| \___ \ | |   | |_) / _ \ \___ \\___ \|  _| | | | |
  _|_____| |   | | | |___ ___) || |   |  __/ ___ \ ___) |___) | |___| |_| |
 (_)     | |   |_| |_____|____/ |_|   |_| /_/   \_\____/|____/|_____|____/ 
        /_/                                                                

TEST PASSED: Valid Booking
----------------------------------------------------------------------------
48030 [pool-2-thread-1] INFO net.thucydides.core.requirements.PackageRequirementsTagProvider - Loading requirements from package requirements at: runner
]]></system-err>
</testsuite>
